#! /usr/bin/vvp
:ivl_version "12.0 (stable)";
:ivl_delay_selection "TYPICAL";
:vpi_time_precision + 0;
:vpi_module "/usr/lib/x86_64-linux-gnu/ivl/system.vpi";
:vpi_module "/usr/lib/x86_64-linux-gnu/ivl/vhdl_sys.vpi";
:vpi_module "/usr/lib/x86_64-linux-gnu/ivl/vhdl_textio.vpi";
:vpi_module "/usr/lib/x86_64-linux-gnu/ivl/v2005_math.vpi";
:vpi_module "/usr/lib/x86_64-linux-gnu/ivl/va_math.vpi";
:vpi_module "/usr/lib/x86_64-linux-gnu/ivl/v2009.vpi";
S_0x560d5700af70 .scope package, "$unit" "$unit" 2 1;
 .timescale 0 0;
S_0x560d5700b100 .scope module, "BUF" "BUF" 3 1;
 .timescale 0 0;
    .port_info 0 /INPUT 1 "A";
    .port_info 1 /OUTPUT 1 "Y";
o0x7b6a36ea3018 .functor BUFZ 1, C4<z>; HiZ drive
L_0x560d56ff3980 .functor BUFZ 1, o0x7b6a36ea3018, C4<0>, C4<0>, C4<0>;
v0x560d5700a180_0 .net "A", 0 0, o0x7b6a36ea3018;  0 drivers
v0x560d5701edb0_0 .net "Y", 0 0, L_0x560d56ff3980;  1 drivers
S_0x560d5700be90 .scope module, "DFF" "DFF" 3 25;
 .timescale 0 0;
    .port_info 0 /INPUT 1 "C";
    .port_info 1 /INPUT 1 "D";
    .port_info 2 /OUTPUT 1 "Q";
o0x7b6a36ea30d8 .functor BUFZ 1, C4<z>; HiZ drive
v0x560d5701eef0_0 .net "C", 0 0, o0x7b6a36ea30d8;  0 drivers
o0x7b6a36ea3108 .functor BUFZ 1, C4<z>; HiZ drive
v0x560d5701efd0_0 .net "D", 0 0, o0x7b6a36ea3108;  0 drivers
v0x560d5701f090_0 .var "Q", 0 0;
E_0x560d56fcfb10 .event posedge, v0x560d5701eef0_0;
S_0x560d5700c070 .scope module, "DFFSR" "DFFSR" 3 32;
 .timescale 0 0;
    .port_info 0 /INPUT 1 "C";
    .port_info 1 /INPUT 1 "D";
    .port_info 2 /OUTPUT 1 "Q";
    .port_info 3 /INPUT 1 "S";
    .port_info 4 /INPUT 1 "R";
o0x7b6a36ea31f8 .functor BUFZ 1, C4<z>; HiZ drive
v0x560d5701f1d0_0 .net "C", 0 0, o0x7b6a36ea31f8;  0 drivers
o0x7b6a36ea3228 .functor BUFZ 1, C4<z>; HiZ drive
v0x560d5701f2b0_0 .net "D", 0 0, o0x7b6a36ea3228;  0 drivers
v0x560d5701f370_0 .var "Q", 0 0;
o0x7b6a36ea3288 .functor BUFZ 1, C4<z>; HiZ drive
v0x560d5701f410_0 .net "R", 0 0, o0x7b6a36ea3288;  0 drivers
o0x7b6a36ea32b8 .functor BUFZ 1, C4<z>; HiZ drive
v0x560d5701f4d0_0 .net "S", 0 0, o0x7b6a36ea32b8;  0 drivers
E_0x560d56fcf9f0 .event posedge, v0x560d5701f410_0, v0x560d5701f4d0_0, v0x560d5701f1d0_0;
S_0x560d57009040 .scope module, "NAND" "NAND" 3 13;
 .timescale 0 0;
    .port_info 0 /INPUT 1 "A";
    .port_info 1 /INPUT 1 "B";
    .port_info 2 /OUTPUT 1 "Y";
o0x7b6a36ea33d8 .functor BUFZ 1, C4<z>; HiZ drive
o0x7b6a36ea3408 .functor BUFZ 1, C4<z>; HiZ drive
L_0x560d57020010 .functor AND 1, o0x7b6a36ea33d8, o0x7b6a36ea3408, C4<1>, C4<1>;
L_0x560d57020110 .functor NOT 1, L_0x560d57020010, C4<0>, C4<0>, C4<0>;
v0x560d5701f680_0 .net "A", 0 0, o0x7b6a36ea33d8;  0 drivers
v0x560d5701f760_0 .net "B", 0 0, o0x7b6a36ea3408;  0 drivers
v0x560d5701f820_0 .net "Y", 0 0, L_0x560d57020110;  1 drivers
v0x560d5701f8c0_0 .net *"_ivl_0", 0 0, L_0x560d57020010;  1 drivers
S_0x560d57009220 .scope module, "NOR" "NOR" 3 19;
 .timescale 0 0;
    .port_info 0 /INPUT 1 "A";
    .port_info 1 /INPUT 1 "B";
    .port_info 2 /OUTPUT 1 "Y";
o0x7b6a36ea3528 .functor BUFZ 1, C4<z>; HiZ drive
o0x7b6a36ea3558 .functor BUFZ 1, C4<z>; HiZ drive
L_0x560d57020200 .functor OR 1, o0x7b6a36ea3528, o0x7b6a36ea3558, C4<0>, C4<0>;
L_0x560d570202d0 .functor NOT 1, L_0x560d57020200, C4<0>, C4<0>, C4<0>;
v0x560d5701fa20_0 .net "A", 0 0, o0x7b6a36ea3528;  0 drivers
v0x560d5701fae0_0 .net "B", 0 0, o0x7b6a36ea3558;  0 drivers
v0x560d5701fba0_0 .net "Y", 0 0, L_0x560d570202d0;  1 drivers
v0x560d5701fc70_0 .net *"_ivl_0", 0 0, L_0x560d57020200;  1 drivers
S_0x560d57009ff0 .scope module, "NOT" "NOT" 3 7;
 .timescale 0 0;
    .port_info 0 /INPUT 1 "A";
    .port_info 1 /OUTPUT 1 "Y";
o0x7b6a36ea3678 .functor BUFZ 1, C4<z>; HiZ drive
L_0x560d570203c0 .functor NOT 1, o0x7b6a36ea3678, C4<0>, C4<0>, C4<0>;
v0x560d5701fdd0_0 .net "A", 0 0, o0x7b6a36ea3678;  0 drivers
v0x560d5701fe90_0 .net "Y", 0 0, L_0x560d570203c0;  1 drivers
    .scope S_0x560d5700be90;
T_0 ;
    %wait E_0x560d56fcfb10;
    %load/vec4 v0x560d5701efd0_0;
    %assign/vec4 v0x560d5701f090_0, 0;
    %jmp T_0;
    .thread T_0;
    .scope S_0x560d5700c070;
T_1 ;
    %wait E_0x560d56fcf9f0;
    %load/vec4 v0x560d5701f4d0_0;
    %flag_set/vec4 8;
    %jmp/0xz  T_1.0, 8;
    %pushi/vec4 1, 0, 1;
    %assign/vec4 v0x560d5701f370_0, 0;
    %jmp T_1.1;
T_1.0 ;
    %load/vec4 v0x560d5701f410_0;
    %flag_set/vec4 8;
    %jmp/0xz  T_1.2, 8;
    %pushi/vec4 0, 0, 1;
    %assign/vec4 v0x560d5701f370_0, 0;
    %jmp T_1.3;
T_1.2 ;
    %load/vec4 v0x560d5701f2b0_0;
    %assign/vec4 v0x560d5701f370_0, 0;
T_1.3 ;
T_1.1 ;
    %jmp T_1;
    .thread T_1;
# The file index is used to find the file name in the following table.
:file_names 4;
    "N/A";
    "<interactive>";
    "-";
    "hardware/rtl/simple_cells.v";
