Analysis & Synthesis report for ascon_core
Wed May 20 04:14:27 2026
Quartus Prime Version 24.1std.0 Build 1077 03/04/2025 SC Lite Edition


---------------------
; Table of Contents ;
---------------------
  1. Legal Notice
  2. Analysis & Synthesis Summary
  3. Analysis & Synthesis Settings
  4. Parallel Compilation
  5. Analysis & Synthesis Source Files Read
  6. Analysis & Synthesis Resource Usage Summary
  7. Analysis & Synthesis Resource Utilization by Entity
  8. Registers Removed During Synthesis
  9. General Register Statistics
 10. Inverted Register Statistics
 11. Multiplexer Restructuring Statistics (Restructuring Performed)
 12. Parameter Settings for User Entity Instance: register:reg_key_i
 13. Parameter Settings for User Entity Instance: register:reg_state_i
 14. Parameter Settings for User Entity Instance: register:reg_cnt_i
 15. Parameter Settings for User Entity Instance: register:reg_fsm_i
 16. Parameter Settings for User Entity Instance: register:reg_flags_i
 17. Post-Synthesis Netlist Statistics for Top Partition
 18. Elapsed Time Per Partition
 19. Analysis & Synthesis Messages
 20. Analysis & Synthesis Suppressed Messages



----------------
; Legal Notice ;
----------------
Copyright (C) 2025  Altera Corporation. All rights reserved.
Your use of Altera Corporation's design tools, logic functions 
and other software and tools, and any partner logic 
functions, and any output files from any of the foregoing 
(including device programming or simulation files), and any 
associated documentation or information are expressly subject 
to the terms and conditions of the Altera Program License 
Subscription Agreement, the Altera Quartus Prime License Agreement,
the Altera IP License Agreement, or other applicable license
agreement, including, without limitation, that your use is for
the sole purpose of programming logic devices manufactured by
Altera and sold by Altera or its authorized distributors.  Please
refer to the Altera Software License Subscription Agreements 
on the Quartus Prime software download page.



+--------------------------------------------------------------------------------------+
; Analysis & Synthesis Summary                                                         ;
+------------------------------------+-------------------------------------------------+
; Analysis & Synthesis Status        ; Successful - Wed May 20 04:14:27 2026           ;
; Quartus Prime Version              ; 24.1std.0 Build 1077 03/04/2025 SC Lite Edition ;
; Revision Name                      ; ascon_core                                      ;
; Top-level Entity Name              ; ascon_core                                      ;
; Family                             ; Cyclone IV E                                    ;
; Total logic elements               ; 2,648                                           ;
;     Total combinational functions  ; 2,516                                           ;
;     Dedicated logic registers      ; 473                                             ;
; Total registers                    ; 473                                             ;
; Total pins                         ; 125                                             ;
; Total virtual pins                 ; 0                                               ;
; Total memory bits                  ; 0                                               ;
; Embedded Multiplier 9-bit elements ; 0                                               ;
; Total PLLs                         ; 0                                               ;
+------------------------------------+-------------------------------------------------+


+------------------------------------------------------------------------------------------------------------+
; Analysis & Synthesis Settings                                                                              ;
+------------------------------------------------------------------+--------------------+--------------------+
; Option                                                           ; Setting            ; Default Value      ;
+------------------------------------------------------------------+--------------------+--------------------+
; Device                                                           ; EP4CE115F29C7      ;                    ;
; Top-level entity name                                            ; ascon_core         ; ascon_core         ;
; Family name                                                      ; Cyclone IV E       ; Cyclone V          ;
; Verilog Show LMF Mapping Messages                                ; Off                ;                    ;
; Verilog Version                                                  ; SystemVerilog_2005 ; Verilog_2001       ;
; Use smart compilation                                            ; Off                ; Off                ;
; Enable parallel Assembler and Timing Analyzer during compilation ; On                 ; On                 ;
; Enable compact report table                                      ; Off                ; Off                ;
; Restructure Multiplexers                                         ; Auto               ; Auto               ;
; Create Debugging Nodes for IP Cores                              ; Off                ; Off                ;
; Preserve fewer node names                                        ; On                 ; On                 ;
; Intel FPGA IP Evaluation Mode                                    ; Enable             ; Enable             ;
; VHDL Version                                                     ; VHDL_1993          ; VHDL_1993          ;
; State Machine Processing                                         ; Auto               ; Auto               ;
; Safe State Machine                                               ; Off                ; Off                ;
; Extract Verilog State Machines                                   ; On                 ; On                 ;
; Extract VHDL State Machines                                      ; On                 ; On                 ;
; Ignore Verilog initial constructs                                ; Off                ; Off                ;
; Iteration limit for constant Verilog loops                       ; 5000               ; 5000               ;
; Iteration limit for non-constant Verilog loops                   ; 250                ; 250                ;
; Add Pass-Through Logic to Inferred RAMs                          ; On                 ; On                 ;
; Infer RAMs from Raw Logic                                        ; On                 ; On                 ;
; Parallel Synthesis                                               ; On                 ; On                 ;
; DSP Block Balancing                                              ; Auto               ; Auto               ;
; NOT Gate Push-Back                                               ; On                 ; On                 ;
; Power-Up Don't Care                                              ; On                 ; On                 ;
; Remove Redundant Logic Cells                                     ; Off                ; Off                ;
; Remove Duplicate Registers                                       ; On                 ; On                 ;
; Ignore CARRY Buffers                                             ; Off                ; Off                ;
; Ignore CASCADE Buffers                                           ; Off                ; Off                ;
; Ignore GLOBAL Buffers                                            ; Off                ; Off                ;
; Ignore ROW GLOBAL Buffers                                        ; Off                ; Off                ;
; Ignore LCELL Buffers                                             ; Off                ; Off                ;
; Ignore SOFT Buffers                                              ; On                 ; On                 ;
; Limit AHDL Integers to 32 Bits                                   ; Off                ; Off                ;
; Optimization Technique                                           ; Balanced           ; Balanced           ;
; Carry Chain Length                                               ; 70                 ; 70                 ;
; Auto Carry Chains                                                ; On                 ; On                 ;
; Auto Open-Drain Pins                                             ; On                 ; On                 ;
; Perform WYSIWYG Primitive Resynthesis                            ; Off                ; Off                ;
; Auto ROM Replacement                                             ; On                 ; On                 ;
; Auto RAM Replacement                                             ; On                 ; On                 ;
; Auto DSP Block Replacement                                       ; On                 ; On                 ;
; Auto Shift Register Replacement                                  ; Auto               ; Auto               ;
; Allow Shift Register Merging across Hierarchies                  ; Auto               ; Auto               ;
; Auto Clock Enable Replacement                                    ; On                 ; On                 ;
; Strict RAM Replacement                                           ; Off                ; Off                ;
; Allow Synchronous Control Signals                                ; On                 ; On                 ;
; Force Use of Synchronous Clear Signals                           ; Off                ; Off                ;
; Auto RAM Block Balancing                                         ; On                 ; On                 ;
; Auto RAM to Logic Cell Conversion                                ; Off                ; Off                ;
; Auto Resource Sharing                                            ; Off                ; Off                ;
; Allow Any RAM Size For Recognition                               ; Off                ; Off                ;
; Allow Any ROM Size For Recognition                               ; Off                ; Off                ;
; Allow Any Shift Register Size For Recognition                    ; Off                ; Off                ;
; Use LogicLock Constraints during Resource Balancing              ; On                 ; On                 ;
; Ignore translate_off and synthesis_off directives                ; Off                ; Off                ;
; Timing-Driven Synthesis                                          ; On                 ; On                 ;
; Report Parameter Settings                                        ; On                 ; On                 ;
; Report Source Assignments                                        ; On                 ; On                 ;
; Report Connectivity Checks                                       ; On                 ; On                 ;
; Ignore Maximum Fan-Out Assignments                               ; Off                ; Off                ;
; Synchronization Register Chain Length                            ; 2                  ; 2                  ;
; Power Optimization During Synthesis                              ; Normal compilation ; Normal compilation ;
; HDL message level                                                ; Level2             ; Level2             ;
; Suppress Register Optimization Related Messages                  ; Off                ; Off                ;
; Number of Removed Registers Reported in Synthesis Report         ; 5000               ; 5000               ;
; Number of Swept Nodes Reported in Synthesis Report               ; 5000               ; 5000               ;
; Number of Inverted Registers Reported in Synthesis Report        ; 100                ; 100                ;
; Clock MUX Protection                                             ; On                 ; On                 ;
; Auto Gated Clock Conversion                                      ; Off                ; Off                ;
; Block Design Naming                                              ; Auto               ; Auto               ;
; SDC constraint protection                                        ; Off                ; Off                ;
; Synthesis Effort                                                 ; Auto               ; Auto               ;
; Shift Register Replacement - Allow Asynchronous Clear Signal     ; On                 ; On                 ;
; Pre-Mapping Resynthesis Optimization                             ; Off                ; Off                ;
; Analysis & Synthesis Message Level                               ; Medium             ; Medium             ;
; Disable Register Merging Across Hierarchies                      ; Auto               ; Auto               ;
; Resource Aware Inference For Block RAM                           ; On                 ; On                 ;
+------------------------------------------------------------------+--------------------+--------------------+


+------------------------------------------+
; Parallel Compilation                     ;
+----------------------------+-------------+
; Processors                 ; Number      ;
+----------------------------+-------------+
; Number detected on machine ; 12          ;
; Maximum allowed            ; 6           ;
;                            ;             ;
; Average used               ; 1.00        ;
; Maximum used               ; 6           ;
;                            ;             ;
; Usage by Processor         ; % Time Used ;
;     Processor 1            ; 100.0%      ;
;     Processor 2            ;   0.1%      ;
;     Processor 3            ;   0.1%      ;
;     Processor 4            ;   0.1%      ;
;     Processor 5            ;   0.0%      ;
;     Processor 6            ;   0.0%      ;
+----------------------------+-------------+


+---------------------------------------------------------------------------------------------------------------------------------------------------------------+
; Analysis & Synthesis Source Files Read                                                                                                                        ;
+----------------------------------+-----------------+------------------------------+-----------------------------------------------------------------+---------+
; File Name with User-Entered Path ; Used in Netlist ; File Type                    ; File Name with Absolute Path                                    ; Library ;
+----------------------------------+-----------------+------------------------------+-----------------------------------------------------------------+---------+
; ../rtl/register.sv               ; yes             ; User SystemVerilog HDL File  ; /home/mohamad/ascon-hardware-project/hardware/rtl/register.sv   ;         ;
; ../rtl/functions.sv              ; yes             ; User SystemVerilog HDL File  ; /home/mohamad/ascon-hardware-project/hardware/rtl/functions.sv  ;         ;
; ../rtl/config.sv                 ; yes             ; User SystemVerilog HDL File  ; /home/mohamad/ascon-hardware-project/hardware/rtl/config.sv     ;         ;
; ../rtl/asconp.sv                 ; yes             ; User SystemVerilog HDL File  ; /home/mohamad/ascon-hardware-project/hardware/rtl/asconp.sv     ;         ;
; ../rtl/ascon_core.sv             ; yes             ; User SystemVerilog HDL File  ; /home/mohamad/ascon-hardware-project/hardware/rtl/ascon_core.sv ;         ;
+----------------------------------+-----------------+------------------------------+-----------------------------------------------------------------+---------+


+---------------------------------------------------------+
; Analysis & Synthesis Resource Usage Summary             ;
+---------------------------------------------+-----------+
; Resource                                    ; Usage     ;
+---------------------------------------------+-----------+
; Estimated Total logic elements              ; 2,648     ;
;                                             ;           ;
; Total combinational functions               ; 2516      ;
; Logic element usage by number of LUT inputs ;           ;
;     -- 4 input functions                    ; 1845      ;
;     -- 3 input functions                    ; 498       ;
;     -- <=2 input functions                  ; 173       ;
;                                             ;           ;
; Logic elements by mode                      ;           ;
;     -- normal mode                          ; 2516      ;
;     -- arithmetic mode                      ; 0         ;
;                                             ;           ;
; Total registers                             ; 473       ;
;     -- Dedicated logic registers            ; 473       ;
;     -- I/O registers                        ; 0         ;
;                                             ;           ;
; I/O pins                                    ; 125       ;
;                                             ;           ;
; Embedded Multiplier 9-bit elements          ; 0         ;
;                                             ;           ;
; Maximum fan-out node                        ; clk~input ;
; Maximum fan-out                             ; 473       ;
; Total fan-out                               ; 11267     ;
; Average fan-out                             ; 3.48      ;
+---------------------------------------------+-----------+


+-----------------------------------------------------------------------------------------------------------------------------------------------------------------------------------------------------------------------+
; Analysis & Synthesis Resource Utilization by Entity                                                                                                                                                                   ;
+----------------------------+---------------------+---------------------------+-------------+--------------+---------+-----------+------+--------------+----------------------------------+-------------+--------------+
; Compilation Hierarchy Node ; Combinational ALUTs ; Dedicated Logic Registers ; Memory Bits ; DSP Elements ; DSP 9x9 ; DSP 18x18 ; Pins ; Virtual Pins ; Full Hierarchy Name              ; Entity Name ; Library Name ;
+----------------------------+---------------------+---------------------------+-------------+--------------+---------+-----------+------+--------------+----------------------------------+-------------+--------------+
; |ascon_core                ; 2516 (1812)         ; 473 (0)                   ; 0           ; 0            ; 0       ; 0         ; 125  ; 0            ; |ascon_core                      ; ascon_core  ; work         ;
;    |asconp:asconp_i|       ; 653 (653)           ; 0 (0)                     ; 0           ; 0            ; 0       ; 0         ; 0    ; 0            ; |ascon_core|asconp:asconp_i      ; asconp      ; work         ;
;    |register:reg_cnt_i|    ; 13 (13)             ; 10 (10)                   ; 0           ; 0            ; 0       ; 0         ; 0    ; 0            ; |ascon_core|register:reg_cnt_i   ; register    ; work         ;
;    |register:reg_flags_i|  ; 0 (0)               ; 10 (10)                   ; 0           ; 0            ; 0       ; 0         ; 0    ; 0            ; |ascon_core|register:reg_flags_i ; register    ; work         ;
;    |register:reg_fsm_i|    ; 0 (0)               ; 5 (5)                     ; 0           ; 0            ; 0       ; 0         ; 0    ; 0            ; |ascon_core|register:reg_fsm_i   ; register    ; work         ;
;    |register:reg_key_i|    ; 0 (0)               ; 128 (128)                 ; 0           ; 0            ; 0       ; 0         ; 0    ; 0            ; |ascon_core|register:reg_key_i   ; register    ; work         ;
;    |register:reg_state_i|  ; 38 (38)             ; 320 (320)                 ; 0           ; 0            ; 0       ; 0         ; 0    ; 0            ; |ascon_core|register:reg_state_i ; register    ; work         ;
+----------------------------+---------------------+---------------------------+-------------+--------------+---------+-----------+------+--------------+----------------------------------+-------------+--------------+
Note: For table entries with two numbers listed, the numbers in parentheses indicate the number of resources of the given type used by the specific entity alone. The numbers listed outside of parentheses indicate the total resources of the given type used by the specific entity and all of its sub-entities in the hierarchy.


+--------------------------------------------------------------------------------+
; Registers Removed During Synthesis                                             ;
+---------------------------------------+----------------------------------------+
; Register name                         ; Reason for Removal                     ;
+---------------------------------------+----------------------------------------+
; register:reg_flags_i|data_q[5]        ; Stuck at GND due to stuck port data_in ;
; Total Number of Removed Registers = 1 ;                                        ;
+---------------------------------------+----------------------------------------+


+------------------------------------------------------+
; General Register Statistics                          ;
+----------------------------------------------+-------+
; Statistic                                    ; Value ;
+----------------------------------------------+-------+
; Total registers                              ; 473   ;
; Number of registers using Synchronous Clear  ; 0     ;
; Number of registers using Synchronous Load   ; 1     ;
; Number of registers using Asynchronous Clear ; 473   ;
; Number of registers using Asynchronous Load  ; 0     ;
; Number of registers using Clock Enable       ; 461   ;
; Number of registers using Preset             ; 0     ;
+----------------------------------------------+-------+


+--------------------------------------------------+
; Inverted Register Statistics                     ;
+----------------------------------------+---------+
; Inverted Register                      ; Fan out ;
+----------------------------------------+---------+
; register:reg_fsm_i|data_q[0]           ; 16      ;
; Total number of inverted registers = 1 ;         ;
+----------------------------------------+---------+


+------------------------------------------------------------------------------------------------------------------------------------------------------------+
; Multiplexer Restructuring Statistics (Restructuring Performed)                                                                                             ;
+--------------------+-----------+---------------+----------------------+------------------------+------------+----------------------------------------------+
; Multiplexer Inputs ; Bus Width ; Baseline Area ; Area if Restructured ; Saving if Restructured ; Registered ; Example Multiplexer Output                   ;
+--------------------+-----------+---------------+----------------------+------------------------+------------+----------------------------------------------+
; 3:1                ; 2 bits    ; 4 LEs         ; 2 LEs                ; 2 LEs                  ; Yes        ; |ascon_core|register:reg_cnt_i|data_q[0]     ;
; 3:1                ; 3 bits    ; 6 LEs         ; 3 LEs                ; 3 LEs                  ; Yes        ; |ascon_core|register:reg_cnt_i|data_q[6]     ;
; 6:1                ; 32 bits   ; 128 LEs       ; 96 LEs               ; 32 LEs                 ; Yes        ; |ascon_core|register:reg_state_i|data_q[91]  ;
; 6:1                ; 32 bits   ; 128 LEs       ; 96 LEs               ; 32 LEs                 ; Yes        ; |ascon_core|register:reg_state_i|data_q[99]  ;
; 6:1                ; 32 bits   ; 128 LEs       ; 96 LEs               ; 32 LEs                 ; Yes        ; |ascon_core|register:reg_state_i|data_q[262] ;
; 6:1                ; 31 bits   ; 124 LEs       ; 93 LEs               ; 31 LEs                 ; Yes        ; |ascon_core|register:reg_state_i|data_q[296] ;
; 7:1                ; 4 bits    ; 16 LEs        ; 4 LEs                ; 12 LEs                 ; Yes        ; |ascon_core|register:reg_cnt_i|data_q[4]     ;
; 7:1                ; 25 bits   ; 100 LEs       ; 75 LEs               ; 25 LEs                 ; Yes        ; |ascon_core|register:reg_state_i|data_q[8]   ;
; 7:1                ; 6 bits    ; 24 LEs        ; 12 LEs               ; 12 LEs                 ; Yes        ; |ascon_core|register:reg_state_i|data_q[22]  ;
; 7:1                ; 30 bits   ; 120 LEs       ; 90 LEs               ; 30 LEs                 ; Yes        ; |ascon_core|register:reg_state_i|data_q[49]  ;
; 7:1                ; 2 bits    ; 8 LEs         ; 4 LEs                ; 4 LEs                  ; Yes        ; |ascon_core|register:reg_state_i|data_q[32]  ;
; 7:1                ; 32 bits   ; 128 LEs       ; 128 LEs              ; 0 LEs                  ; Yes        ; |ascon_core|register:reg_state_i|data_q[134] ;
; 7:1                ; 32 bits   ; 128 LEs       ; 128 LEs              ; 0 LEs                  ; Yes        ; |ascon_core|register:reg_state_i|data_q[180] ;
; 7:1                ; 32 bits   ; 128 LEs       ; 128 LEs              ; 0 LEs                  ; Yes        ; |ascon_core|register:reg_state_i|data_q[218] ;
; 7:1                ; 32 bits   ; 128 LEs       ; 128 LEs              ; 0 LEs                  ; Yes        ; |ascon_core|register:reg_state_i|data_q[247] ;
; 5:1                ; 3 bits    ; 9 LEs         ; 6 LEs                ; 3 LEs                  ; No         ; |ascon_core|Selector0                        ;
; 6:1                ; 8 bits    ; 32 LEs        ; 24 LEs               ; 8 LEs                  ; No         ; |ascon_core|bdo                              ;
; 6:1                ; 8 bits    ; 32 LEs        ; 24 LEs               ; 8 LEs                  ; No         ; |ascon_core|bdo                              ;
; 6:1                ; 8 bits    ; 32 LEs        ; 24 LEs               ; 8 LEs                  ; No         ; |ascon_core|bdo                              ;
; 6:1                ; 8 bits    ; 32 LEs        ; 24 LEs               ; 8 LEs                  ; No         ; |ascon_core|bdo                              ;
; 6:1                ; 32 bits   ; 128 LEs       ; 96 LEs               ; 32 LEs                 ; No         ; |ascon_core|Selector21                       ;
; 13:1               ; 32 bits   ; 256 LEs       ; 224 LEs              ; 32 LEs                 ; No         ; |ascon_core|Mux170                           ;
+--------------------+-----------+---------------+----------------------+------------------------+------------+----------------------------------------------+


+---------------------------------------------------------------------------------------------------------------------------------------------------------------------+
; Parameter Settings for User Entity Instance: register:reg_key_i                                                                                                     ;
+----------------+----------------------------------------------------------------------------------------------------------------------------------+-----------------+
; Parameter Name ; Value                                                                                                                            ; Type            ;
+----------------+----------------------------------------------------------------------------------------------------------------------------------+-----------------+
; DATA_WIDTH     ; 00000000000000000000000010000000                                                                                                 ; Unsigned Binary ;
; RST_VALUE      ; 00000000000000000000000000000000000000000000000000000000000000000000000000000000000000000000000000000000000000000000000000000000 ; Unsigned Binary ;
+----------------+----------------------------------------------------------------------------------------------------------------------------------+-----------------+
Note: In order to hide this table in the UI and the text report file, please set the "Show Parameter Settings in Synthesis Report" option in "Analysis and Synthesis Settings -> More Settings" to "Off".


+---------------------------------------------------------------------------------------------------------------------------------------------------------------------------------------------------------------------------------------------------------------------------------------------------------------------------------------------------------------------+
; Parameter Settings for User Entity Instance: register:reg_state_i                                                                                                                                                                                                                                                                                                   ;
+----------------+----------------------------------------------------------------------------------------------------------------------------------------------------------------------------------------------------------------------------------------------------------------------------------------------------------------------------------+-----------------+
; Parameter Name ; Value                                                                                                                                                                                                                                                                                                                            ; Type            ;
+----------------+----------------------------------------------------------------------------------------------------------------------------------------------------------------------------------------------------------------------------------------------------------------------------------------------------------------------------------+-----------------+
; DATA_WIDTH     ; 00000000000000000000000101000000                                                                                                                                                                                                                                                                                                 ; Unsigned Binary ;
; RST_VALUE      ; 00000000000000000000000000000000000000000000000000000000000000000000000000000000000000000000000000000000000000000000000000000000000000000000000000000000000000000000000000000000000000000000000000000000000000000000000000000000000000000000000000000000000000000000000000000000000000000000000000000000000000000000000000000000 ; Unsigned Binary ;
+----------------+----------------------------------------------------------------------------------------------------------------------------------------------------------------------------------------------------------------------------------------------------------------------------------------------------------------------------------+-----------------+
Note: In order to hide this table in the UI and the text report file, please set the "Show Parameter Settings in Synthesis Report" option in "Analysis and Synthesis Settings -> More Settings" to "Off".


+---------------------------------------------------------------------+
; Parameter Settings for User Entity Instance: register:reg_cnt_i     ;
+----------------+----------------------------------+-----------------+
; Parameter Name ; Value                            ; Type            ;
+----------------+----------------------------------+-----------------+
; DATA_WIDTH     ; 00000000000000000000000000001010 ; Unsigned Binary ;
; RST_VALUE      ; 0000000000                       ; Unsigned Binary ;
+----------------+----------------------------------+-----------------+
Note: In order to hide this table in the UI and the text report file, please set the "Show Parameter Settings in Synthesis Report" option in "Analysis and Synthesis Settings -> More Settings" to "Off".


+---------------------------------------------------------------------+
; Parameter Settings for User Entity Instance: register:reg_fsm_i     ;
+----------------+----------------------------------+-----------------+
; Parameter Name ; Value                            ; Type            ;
+----------------+----------------------------------+-----------------+
; DATA_WIDTH     ; 00000000000000000000000000000101 ; Unsigned Binary ;
; RST_VALUE      ; 00001                            ; Unsigned Binary ;
+----------------+----------------------------------+-----------------+
Note: In order to hide this table in the UI and the text report file, please set the "Show Parameter Settings in Synthesis Report" option in "Analysis and Synthesis Settings -> More Settings" to "Off".


+---------------------------------------------------------------------+
; Parameter Settings for User Entity Instance: register:reg_flags_i   ;
+----------------+----------------------------------+-----------------+
; Parameter Name ; Value                            ; Type            ;
+----------------+----------------------------------+-----------------+
; DATA_WIDTH     ; 00000000000000000000000000001011 ; Unsigned Binary ;
; RST_VALUE      ; 00000000000                      ; Unsigned Binary ;
+----------------+----------------------------------+-----------------+
Note: In order to hide this table in the UI and the text report file, please set the "Show Parameter Settings in Synthesis Report" option in "Analysis and Synthesis Settings -> More Settings" to "Off".


+-----------------------------------------------------+
; Post-Synthesis Netlist Statistics for Top Partition ;
+-----------------------+-----------------------------+
; Type                  ; Count                       ;
+-----------------------+-----------------------------+
; boundary_port         ; 125                         ;
; cycloneiii_ff         ; 473                         ;
;     CLR               ; 11                          ;
;     CLR SLD           ; 1                           ;
;     ENA CLR           ; 461                         ;
; cycloneiii_lcell_comb ; 2518                        ;
;     normal            ; 2518                        ;
;         0 data inputs ; 1                           ;
;         1 data inputs ; 2                           ;
;         2 data inputs ; 172                         ;
;         3 data inputs ; 498                         ;
;         4 data inputs ; 1845                        ;
;                       ;                             ;
; Max LUT depth         ; 16.00                       ;
; Average LUT depth     ; 9.69                        ;
+-----------------------+-----------------------------+


+-------------------------------+
; Elapsed Time Per Partition    ;
+----------------+--------------+
; Partition Name ; Elapsed Time ;
+----------------+--------------+
; Top            ; 00:00:08     ;
+----------------+--------------+


+-------------------------------+
; Analysis & Synthesis Messages ;
+-------------------------------+
Info: *******************************************************************
Info: Running Quartus Prime Analysis & Synthesis
    Info: Version 24.1std.0 Build 1077 03/04/2025 SC Lite Edition
    Info: Processing started: Wed May 20 04:14:12 2026
Info: Command: quartus_map --read_settings_files=on --write_settings_files=off ascon_project -c ascon_core
Warning (18236): Number of processors has not been specified which may cause overloading on shared machines.  Set the global assignment NUM_PARALLEL_PROCESSORS in your QSF to an appropriate value for best performance.
Info (20030): Parallel compilation is enabled and will use 6 of the 6 processors detected
Warning (12018): Entity "NOT" will be ignored because it conflicts with Quartus Prime primitive name File: /home/mohamad/ascon-hardware-project/hardware/rtl/simple_cells.v Line: 7
Warning (12018): Entity "NAND" will be ignored because it conflicts with Quartus Prime primitive name File: /home/mohamad/ascon-hardware-project/hardware/rtl/simple_cells.v Line: 13
Warning (12018): Entity "NOR" will be ignored because it conflicts with Quartus Prime primitive name File: /home/mohamad/ascon-hardware-project/hardware/rtl/simple_cells.v Line: 19
Warning (12018): Entity "DFF" will be ignored because it conflicts with Quartus Prime primitive name File: /home/mohamad/ascon-hardware-project/hardware/rtl/simple_cells.v Line: 25
Info (12021): Found 6 design units, including 6 entities, in source file /home/mohamad/ascon-hardware-project/hardware/rtl/simple_cells.v
    Info (12023): Found entity 1: BUF File: /home/mohamad/ascon-hardware-project/hardware/rtl/simple_cells.v Line: 1
    Info (12023): Found entity 2: DFFSR File: /home/mohamad/ascon-hardware-project/hardware/rtl/simple_cells.v Line: 32
Info (12021): Found 1 design units, including 1 entities, in source file /home/mohamad/ascon-hardware-project/hardware/rtl/register.sv
    Info (12023): Found entity 1: register File: /home/mohamad/ascon-hardware-project/hardware/rtl/register.sv Line: 11
Info (12021): Found 0 design units, including 0 entities, in source file /home/mohamad/ascon-hardware-project/hardware/rtl/functions.sv
Info (12021): Found 0 design units, including 0 entities, in source file /home/mohamad/ascon-hardware-project/hardware/rtl/config.sv
Info (12021): Found 1 design units, including 1 entities, in source file /home/mohamad/ascon-hardware-project/hardware/rtl/asconp.sv
    Info (12023): Found entity 1: asconp File: /home/mohamad/ascon-hardware-project/hardware/rtl/asconp.sv Line: 14
Info (12021): Found 1 design units, including 1 entities, in source file /home/mohamad/ascon-hardware-project/hardware/rtl/ascon_core.sv
    Info (12023): Found entity 1: ascon_core File: /home/mohamad/ascon-hardware-project/hardware/rtl/ascon_core.sv Line: 16
Info (12127): Elaborating entity "ascon_core" for the top level hierarchy
Warning (10036): Verilog HDL or VHDL warning at ascon_core.sv(493): object "x0" assigned a value but never read File: /home/mohamad/ascon-hardware-project/hardware/rtl/ascon_core.sv Line: 493
Warning (10036): Verilog HDL or VHDL warning at ascon_core.sv(493): object "x1" assigned a value but never read File: /home/mohamad/ascon-hardware-project/hardware/rtl/ascon_core.sv Line: 493
Warning (10036): Verilog HDL or VHDL warning at ascon_core.sv(493): object "x2" assigned a value but never read File: /home/mohamad/ascon-hardware-project/hardware/rtl/ascon_core.sv Line: 493
Warning (10036): Verilog HDL or VHDL warning at ascon_core.sv(493): object "x3" assigned a value but never read File: /home/mohamad/ascon-hardware-project/hardware/rtl/ascon_core.sv Line: 493
Warning (10036): Verilog HDL or VHDL warning at ascon_core.sv(493): object "x4" assigned a value but never read File: /home/mohamad/ascon-hardware-project/hardware/rtl/ascon_core.sv Line: 493
Warning (10230): Verilog HDL assignment warning at ascon_core.sv(158): truncated value with size 32 to match size of target (4) File: /home/mohamad/ascon-hardware-project/hardware/rtl/ascon_core.sv Line: 158
Warning (10230): Verilog HDL assignment warning at ascon_core.sv(159): truncated value with size 32 to match size of target (4) File: /home/mohamad/ascon-hardware-project/hardware/rtl/ascon_core.sv Line: 159
Warning (10230): Verilog HDL assignment warning at ascon_core.sv(185): truncated value with size 5 to match size of target (4) File: /home/mohamad/ascon-hardware-project/hardware/rtl/ascon_core.sv Line: 185
Warning (10230): Verilog HDL assignment warning at ascon_core.sv(186): truncated value with size 5 to match size of target (1) File: /home/mohamad/ascon-hardware-project/hardware/rtl/ascon_core.sv Line: 186
Warning (10230): Verilog HDL assignment warning at ascon_core.sv(187): truncated value with size 5 to match size of target (1) File: /home/mohamad/ascon-hardware-project/hardware/rtl/ascon_core.sv Line: 187
Warning (10230): Verilog HDL assignment warning at ascon_core.sv(189): truncated value with size 5 to match size of target (1) File: /home/mohamad/ascon-hardware-project/hardware/rtl/ascon_core.sv Line: 189
Warning (10230): Verilog HDL assignment warning at ascon_core.sv(191): truncated value with size 5 to match size of target (1) File: /home/mohamad/ascon-hardware-project/hardware/rtl/ascon_core.sv Line: 191
Warning (10230): Verilog HDL assignment warning at ascon_core.sv(196): truncated value with size 5 to match size of target (1) File: /home/mohamad/ascon-hardware-project/hardware/rtl/ascon_core.sv Line: 196
Warning (10230): Verilog HDL assignment warning at ascon_core.sv(199): truncated value with size 5 to match size of target (1) File: /home/mohamad/ascon-hardware-project/hardware/rtl/ascon_core.sv Line: 199
Warning (10230): Verilog HDL assignment warning at ascon_core.sv(204): truncated value with size 5 to match size of target (1) File: /home/mohamad/ascon-hardware-project/hardware/rtl/ascon_core.sv Line: 204
Warning (10230): Verilog HDL assignment warning at functions.sv(21): truncated value with size 32 to match size of target (8) File: /home/mohamad/ascon-hardware-project/hardware/rtl/functions.sv Line: 21
Warning (10230): Verilog HDL assignment warning at functions.sv(23): truncated value with size 32 to match size of target (8) File: /home/mohamad/ascon-hardware-project/hardware/rtl/functions.sv Line: 23
Warning (10230): Verilog HDL assignment warning at functions.sv(52): truncated value with size 32 to match size of target (8) File: /home/mohamad/ascon-hardware-project/hardware/rtl/functions.sv Line: 52
Warning (10230): Verilog HDL assignment warning at functions.sv(39): truncated value with size 32 to match size of target (8) File: /home/mohamad/ascon-hardware-project/hardware/rtl/functions.sv Line: 39
Warning (10230): Verilog HDL assignment warning at ascon_core.sv(222): truncated value with size 32 to match size of target (1) File: /home/mohamad/ascon-hardware-project/hardware/rtl/ascon_core.sv Line: 222
Warning (10230): Verilog HDL assignment warning at ascon_core.sv(223): truncated value with size 32 to match size of target (1) File: /home/mohamad/ascon-hardware-project/hardware/rtl/ascon_core.sv Line: 223
Warning (10230): Verilog HDL assignment warning at ascon_core.sv(225): truncated value with size 32 to match size of target (1) File: /home/mohamad/ascon-hardware-project/hardware/rtl/ascon_core.sv Line: 225
Warning (10230): Verilog HDL assignment warning at ascon_core.sv(231): truncated value with size 5 to match size of target (1) File: /home/mohamad/ascon-hardware-project/hardware/rtl/ascon_core.sv Line: 231
Warning (10230): Verilog HDL assignment warning at ascon_core.sv(238): truncated value with size 5 to match size of target (1) File: /home/mohamad/ascon-hardware-project/hardware/rtl/ascon_core.sv Line: 238
Warning (10230): Verilog HDL assignment warning at ascon_core.sv(244): truncated value with size 5 to match size of target (1) File: /home/mohamad/ascon-hardware-project/hardware/rtl/ascon_core.sv Line: 244
Warning (10230): Verilog HDL assignment warning at ascon_core.sv(412): truncated value with size 32 to match size of target (4) File: /home/mohamad/ascon-hardware-project/hardware/rtl/ascon_core.sv Line: 412
Warning (10230): Verilog HDL assignment warning at ascon_core.sv(415): truncated value with size 5 to match size of target (4) File: /home/mohamad/ascon-hardware-project/hardware/rtl/ascon_core.sv Line: 415
Warning (10230): Verilog HDL assignment warning at ascon_core.sv(419): truncated value with size 32 to match size of target (4) File: /home/mohamad/ascon-hardware-project/hardware/rtl/ascon_core.sv Line: 419
Warning (10230): Verilog HDL assignment warning at ascon_core.sv(421): truncated value with size 5 to match size of target (4) File: /home/mohamad/ascon-hardware-project/hardware/rtl/ascon_core.sv Line: 421
Warning (10230): Verilog HDL assignment warning at ascon_core.sv(424): truncated value with size 5 to match size of target (4) File: /home/mohamad/ascon-hardware-project/hardware/rtl/ascon_core.sv Line: 424
Warning (10230): Verilog HDL assignment warning at ascon_core.sv(425): truncated value with size 5 to match size of target (4) File: /home/mohamad/ascon-hardware-project/hardware/rtl/ascon_core.sv Line: 425
Warning (10230): Verilog HDL assignment warning at ascon_core.sv(431): truncated value with size 32 to match size of target (2) File: /home/mohamad/ascon-hardware-project/hardware/rtl/ascon_core.sv Line: 431
Warning (10230): Verilog HDL assignment warning at ascon_core.sv(432): truncated value with size 5 to match size of target (2) File: /home/mohamad/ascon-hardware-project/hardware/rtl/ascon_core.sv Line: 432
Warning (10230): Verilog HDL assignment warning at ascon_core.sv(439): truncated value with size 32 to match size of target (4) File: /home/mohamad/ascon-hardware-project/hardware/rtl/ascon_core.sv Line: 439
Warning (10230): Verilog HDL assignment warning at ascon_core.sv(440): truncated value with size 32 to match size of target (4) File: /home/mohamad/ascon-hardware-project/hardware/rtl/ascon_core.sv Line: 440
Warning (10230): Verilog HDL assignment warning at ascon_core.sv(441): truncated value with size 32 to match size of target (4) File: /home/mohamad/ascon-hardware-project/hardware/rtl/ascon_core.sv Line: 441
Warning (10230): Verilog HDL assignment warning at ascon_core.sv(442): truncated value with size 32 to match size of target (4) File: /home/mohamad/ascon-hardware-project/hardware/rtl/ascon_core.sv Line: 442
Warning (10230): Verilog HDL assignment warning at ascon_core.sv(462): truncated value with size 5 to match size of target (1) File: /home/mohamad/ascon-hardware-project/hardware/rtl/ascon_core.sv Line: 462
Warning (10230): Verilog HDL assignment warning at ascon_core.sv(463): truncated value with size 5 to match size of target (1) File: /home/mohamad/ascon-hardware-project/hardware/rtl/ascon_core.sv Line: 463
Warning (10230): Verilog HDL assignment warning at ascon_core.sv(464): truncated value with size 5 to match size of target (1) File: /home/mohamad/ascon-hardware-project/hardware/rtl/ascon_core.sv Line: 464
Warning (10230): Verilog HDL assignment warning at ascon_core.sv(465): truncated value with size 5 to match size of target (1) File: /home/mohamad/ascon-hardware-project/hardware/rtl/ascon_core.sv Line: 465
Warning (10230): Verilog HDL assignment warning at ascon_core.sv(466): truncated value with size 5 to match size of target (1) File: /home/mohamad/ascon-hardware-project/hardware/rtl/ascon_core.sv Line: 466
Warning (10230): Verilog HDL assignment warning at ascon_core.sv(468): truncated value with size 5 to match size of target (1) File: /home/mohamad/ascon-hardware-project/hardware/rtl/ascon_core.sv Line: 468
Warning (10230): Verilog HDL assignment warning at ascon_core.sv(472): truncated value with size 5 to match size of target (1) File: /home/mohamad/ascon-hardware-project/hardware/rtl/ascon_core.sv Line: 472
Warning (10230): Verilog HDL assignment warning at ascon_core.sv(475): truncated value with size 5 to match size of target (1) File: /home/mohamad/ascon-hardware-project/hardware/rtl/ascon_core.sv Line: 475
Warning (10230): Verilog HDL assignment warning at ascon_core.sv(476): truncated value with size 5 to match size of target (1) File: /home/mohamad/ascon-hardware-project/hardware/rtl/ascon_core.sv Line: 476
Warning (10230): Verilog HDL assignment warning at ascon_core.sv(478): truncated value with size 5 to match size of target (1) File: /home/mohamad/ascon-hardware-project/hardware/rtl/ascon_core.sv Line: 478
Warning (10230): Verilog HDL assignment warning at ascon_core.sv(479): truncated value with size 5 to match size of target (1) File: /home/mohamad/ascon-hardware-project/hardware/rtl/ascon_core.sv Line: 479
Warning (10230): Verilog HDL assignment warning at ascon_core.sv(480): truncated value with size 5 to match size of target (1) File: /home/mohamad/ascon-hardware-project/hardware/rtl/ascon_core.sv Line: 480
Warning (10230): Verilog HDL assignment warning at ascon_core.sv(481): truncated value with size 5 to match size of target (1) File: /home/mohamad/ascon-hardware-project/hardware/rtl/ascon_core.sv Line: 481
Warning (10230): Verilog HDL assignment warning at ascon_core.sv(485): truncated value with size 5 to match size of target (1) File: /home/mohamad/ascon-hardware-project/hardware/rtl/ascon_core.sv Line: 485
Info (10008): Verilog HDL or VHDL information: EDA Netlist Writer cannot regroup multidimensional array "state_d" into its bus
Info (10008): Verilog HDL or VHDL information: EDA Netlist Writer cannot regroup multidimensional array "state_q" into its bus
Info (10008): Verilog HDL or VHDL information: EDA Netlist Writer cannot regroup multidimensional array "asconp_o" into its bus
Info (12128): Elaborating entity "register" for hierarchy "register:reg_key_i" File: /home/mohamad/ascon-hardware-project/hardware/rtl/ascon_core.sv Line: 78
Info (12128): Elaborating entity "register" for hierarchy "register:reg_state_i" File: /home/mohamad/ascon-hardware-project/hardware/rtl/ascon_core.sv Line: 81
Info (12128): Elaborating entity "register" for hierarchy "register:reg_cnt_i" File: /home/mohamad/ascon-hardware-project/hardware/rtl/ascon_core.sv Line: 86
Info (12128): Elaborating entity "register" for hierarchy "register:reg_fsm_i" File: /home/mohamad/ascon-hardware-project/hardware/rtl/ascon_core.sv Line: 89
Info (12128): Elaborating entity "register" for hierarchy "register:reg_flags_i" File: /home/mohamad/ascon-hardware-project/hardware/rtl/ascon_core.sv Line: 94
Info (12128): Elaborating entity "asconp" for hierarchy "asconp:asconp_i" File: /home/mohamad/ascon-hardware-project/hardware/rtl/ascon_core.sv Line: 177
Warning (10230): Verilog HDL assignment warning at asconp.sv(46): truncated value with size 32 to match size of target (4) File: /home/mohamad/ascon-hardware-project/hardware/rtl/asconp.sv Line: 46
Info (13000): Registers with preset signals will power-up high File: /home/mohamad/ascon-hardware-project/hardware/rtl/register.sv Line: 27
Info (13003): DEV_CLRn pin will set, and not reset, register with preset signal due to NOT Gate Push-Back
Warning (13024): Output pins are stuck at VCC or GND
    Warning (13410): Pin "bdo_type[3]" is stuck at GND File: /home/mohamad/ascon-hardware-project/hardware/rtl/ascon_core.sv Line: 32
Info (286030): Timing-Driven Synthesis is running
Info (144001): Generated suppressed messages file /home/mohamad/ascon-hardware-project/hardware/quartus/output_files/ascon_core.map.smsg
Info (16010): Generating hard_block partition "hard_block:auto_generated_inst"
    Info (16011): Adding 0 node(s), including 0 DDIO, 0 PLL, 0 transceiver and 0 LCELL
Info (21057): Implemented 2780 device resources after synthesis - the final resource count might be different
    Info (21058): Implemented 83 input pins
    Info (21059): Implemented 42 output pins
    Info (21061): Implemented 2655 logic cells
Info: Quartus Prime Analysis & Synthesis was successful. 0 errors, 59 warnings
    Info: Peak virtual memory: 431 megabytes
    Info: Processing ended: Wed May 20 04:14:27 2026
    Info: Elapsed time: 00:00:15
    Info: Total CPU time (on all processors): 00:00:25


+------------------------------------------+
; Analysis & Synthesis Suppressed Messages ;
+------------------------------------------+
The suppressed messages can be found in /home/mohamad/ascon-hardware-project/hardware/quartus/output_files/ascon_core.map.smsg.


